{"C:\\Users\\HP\\Desktop\\UNI\\PWP\\ChatAPP before the new testcases and resolve\\ChatApp\\ChatApp_BackEnd\\server.js": {"path":"C:\\Users\\HP\\Desktop\\UNI\\PWP\\ChatAPP before the new testcases and resolve\\ChatApp\\ChatApp_BackEnd\\server.js","statementMap":{"0":{"start":{"line":1,"column":16},"end":{"line":1,"column":34}},"1":{"start":{"line":2,"column":13},"end":{"line":2,"column":28}},"2":{"start":{"line":3,"column":17},"end":{"line":3,"column":36}},"3":{"start":{"line":4,"column":13},"end":{"line":4,"column":28}},"4":{"start":{"line":7,"column":0},"end":{"line":7,"column":27}},"5":{"start":{"line":9,"column":12},"end":{"line":9,"column":21}},"6":{"start":{"line":11,"column":0},"end":{"line":11,"column":16}},"7":{"start":{"line":12,"column":0},"end":{"line":12,"column":24}},"8":{"start":{"line":15,"column":0},"end":{"line":17,"column":73}},"9":{"start":{"line":16,"column":16},"end":{"line":16,"column":51}},"10":{"start":{"line":17,"column":22},"end":{"line":17,"column":71}},"11":{"start":{"line":19,"column":0},"end":{"line":19,"column":71}},"12":{"start":{"line":21,"column":19},"end":{"line":21,"column":49}},"13":{"start":{"line":22,"column":0},"end":{"line":22,"column":33}},"14":{"start":{"line":24,"column":22},"end":{"line":24,"column":58}},"15":{"start":{"line":25,"column":0},"end":{"line":25,"column":40}},"16":{"start":{"line":27,"column":22},"end":{"line":27,"column":55}},"17":{"start":{"line":28,"column":0},"end":{"line":28,"column":40}},"18":{"start":{"line":31,"column":0},"end":{"line":36,"column":3}},"19":{"start":{"line":32,"column":17},"end":{"line":32,"column":41}},"20":{"start":{"line":33,"column":4},"end":{"line":35,"column":7}},"21":{"start":{"line":34,"column":6},"end":{"line":34,"column":55}},"22":{"start":{"line":38,"column":0},"end":{"line":40,"column":3}},"23":{"start":{"line":39,"column":2},"end":{"line":39,"column":73}},"24":{"start":{"line":43,"column":0},"end":{"line":43,"column":21}}},"fnMap":{"0":{"name":"(anonymous_0)","decl":{"start":{"line":16,"column":10},"end":{"line":16,"column":11}},"loc":{"start":{"line":16,"column":16},"end":{"line":16,"column":51}},"line":16},"1":{"name":"(anonymous_1)","decl":{"start":{"line":17,"column":11},"end":{"line":17,"column":12}},"loc":{"start":{"line":17,"column":22},"end":{"line":17,"column":71}},"line":17},"2":{"name":"(anonymous_2)","decl":{"start":{"line":33,"column":21},"end":{"line":33,"column":22}},"loc":{"start":{"line":33,"column":27},"end":{"line":35,"column":5}},"line":33},"3":{"name":"(anonymous_3)","decl":{"start":{"line":38,"column":13},"end":{"line":38,"column":14}},"loc":{"start":{"line":38,"column":27},"end":{"line":40,"column":1}},"line":38}},"branchMap":{"0":{"loc":{"start":{"line":31,"column":0},"end":{"line":36,"column":3}},"type":"if","locations":[{"start":{"line":31,"column":0},"end":{"line":36,"column":3}},{"start":{},"end":{}}],"line":31},"1":{"loc":{"start":{"line":32,"column":17},"end":{"line":32,"column":41}},"type":"binary-expr","locations":[{"start":{"line":32,"column":17},"end":{"line":32,"column":33}},{"start":{"line":32,"column":37},"end":{"line":32,"column":41}}],"line":32}},"s":{"0":4,"1":4,"2":4,"3":4,"4":4,"5":4,"6":4,"7":4,"8":4,"9":4,"10":0,"11":4,"12":4,"13":4,"14":4,"15":4,"16":4,"17":4,"18":4,"19":0,"20":0,"21":0,"22":4,"23":2,"24":4},"f":{"0":4,"1":0,"2":0,"3":2},"b":{"0":[0,4],"1":[0,0]},"_coverageSchema":"1a1c01bbd47fc00a2c39e90264f33305004495a9","hash":"04caf2373fd5da8cb811448792b7a14b20196dc9"}
,"C:\\Users\\HP\\Desktop\\UNI\\PWP\\ChatAPP before the new testcases and resolve\\ChatApp\\ChatApp_BackEnd\\Services\\emailService.js": {"path":"C:\\Users\\HP\\Desktop\\UNI\\PWP\\ChatAPP before the new testcases and resolve\\ChatApp\\ChatApp_BackEnd\\Services\\emailService.js","statementMap":{"0":{"start":{"line":1,"column":19},"end":{"line":1,"column":40}},"1":{"start":{"line":4,"column":20},"end":{"line":10,"column":2}},"2":{"start":{"line":13,"column":25},"end":{"line":29,"column":1}},"3":{"start":{"line":14,"column":24},"end":{"line":19,"column":5}},"4":{"start":{"line":22,"column":4},"end":{"line":28,"column":7}},"5":{"start":{"line":23,"column":8},"end":{"line":27,"column":9}},"6":{"start":{"line":24,"column":12},"end":{"line":24,"column":55}},"7":{"start":{"line":26,"column":12},"end":{"line":26,"column":54}},"8":{"start":{"line":31,"column":0},"end":{"line":31,"column":34}}},"fnMap":{"0":{"name":"(anonymous_0)","decl":{"start":{"line":13,"column":25},"end":{"line":13,"column":26}},"loc":{"start":{"line":13,"column":36},"end":{"line":29,"column":1}},"line":13},"1":{"name":"(anonymous_1)","decl":{"start":{"line":22,"column":38},"end":{"line":22,"column":39}},"loc":{"start":{"line":22,"column":55},"end":{"line":28,"column":5}},"line":22}},"branchMap":{"0":{"loc":{"start":{"line":23,"column":8},"end":{"line":27,"column":9}},"type":"if","locations":[{"start":{"line":23,"column":8},"end":{"line":27,"column":9}},{"start":{"line":25,"column":15},"end":{"line":27,"column":9}}],"line":23}},"s":{"0":4,"1":4,"2":4,"3":3,"4":3,"5":0,"6":0,"7":0,"8":4},"f":{"0":3,"1":0},"b":{"0":[0,0]},"_coverageSchema":"1a1c01bbd47fc00a2c39e90264f33305004495a9","hash":"82c1243e66678ab8aaccba96812db8c4647e2ed3"}
,"C:\\Users\\HP\\Desktop\\UNI\\PWP\\ChatAPP before the new testcases and resolve\\ChatApp\\ChatApp_BackEnd\\controller\\authController.js": {"path":"C:\\Users\\HP\\Desktop\\UNI\\PWP\\ChatAPP before the new testcases and resolve\\ChatApp\\ChatApp_BackEnd\\controller\\authController.js","statementMap":{"0":{"start":{"line":1,"column":15},"end":{"line":1,"column":32}},"1":{"start":{"line":2,"column":12},"end":{"line":2,"column":35}},"2":{"start":{"line":3,"column":13},"end":{"line":3,"column":42}},"3":{"start":{"line":4,"column":25},"end":{"line":4,"column":60}},"4":{"start":{"line":6,"column":17},"end":{"line":35,"column":1}},"5":{"start":{"line":7,"column":4},"end":{"line":34,"column":5}},"6":{"start":{"line":8,"column":46},"end":{"line":8,"column":54}},"7":{"start":{"line":9,"column":29},"end":{"line":9,"column":58}},"8":{"start":{"line":10,"column":8},"end":{"line":12,"column":9}},"9":{"start":{"line":11,"column":12},"end":{"line":11,"column":76}},"10":{"start":{"line":13,"column":31},"end":{"line":13,"column":62}},"11":{"start":{"line":14,"column":24},"end":{"line":18,"column":10}},"12":{"start":{"line":19,"column":8},"end":{"line":27,"column":11}},"13":{"start":{"line":29,"column":8},"end":{"line":32,"column":9}},"14":{"start":{"line":30,"column":27},"end":{"line":30,"column":80}},"15":{"start":{"line":30,"column":68},"end":{"line":30,"column":79}},"16":{"start":{"line":31,"column":12},"end":{"line":31,"column":81}},"17":{"start":{"line":33,"column":8},"end":{"line":33,"column":58}},"18":{"start":{"line":37,"column":16},"end":{"line":56,"column":1}},"19":{"start":{"line":38,"column":4},"end":{"line":55,"column":5}},"20":{"start":{"line":39,"column":27},"end":{"line":39,"column":37}},"21":{"start":{"line":40,"column":21},"end":{"line":40,"column":48}},"22":{"start":{"line":41,"column":8},"end":{"line":43,"column":9}},"23":{"start":{"line":42,"column":12},"end":{"line":42,"column":71}},"24":{"start":{"line":44,"column":8},"end":{"line":51,"column":11}},"25":{"start":{"line":53,"column":8},"end":{"line":53,"column":53}},"26":{"start":{"line":54,"column":8},"end":{"line":54,"column":65}},"27":{"start":{"line":58,"column":14},"end":{"line":91,"column":1}},"28":{"start":{"line":59,"column":4},"end":{"line":90,"column":5}},"29":{"start":{"line":60,"column":36},"end":{"line":60,"column":44}},"30":{"start":{"line":61,"column":21},"end":{"line":61,"column":50}},"31":{"start":{"line":62,"column":8},"end":{"line":64,"column":9}},"32":{"start":{"line":63,"column":12},"end":{"line":63,"column":71}},"33":{"start":{"line":65,"column":32},"end":{"line":65,"column":77}},"34":{"start":{"line":66,"column":8},"end":{"line":68,"column":9}},"35":{"start":{"line":67,"column":12},"end":{"line":67,"column":76}},"36":{"start":{"line":69,"column":22},"end":{"line":69,"column":116}},"37":{"start":{"line":71,"column":8},"end":{"line":71,"column":37}},"38":{"start":{"line":73,"column":8},"end":{"line":84,"column":11}},"39":{"start":{"line":88,"column":8},"end":{"line":88,"column":45}},"40":{"start":{"line":89,"column":8},"end":{"line":89,"column":67}},"41":{"start":{"line":93,"column":17},"end":{"line":107,"column":1}},"42":{"start":{"line":94,"column":4},"end":{"line":106,"column":5}},"43":{"start":{"line":95,"column":22},"end":{"line":95,"column":39}},"44":{"start":{"line":96,"column":8},"end":{"line":102,"column":11}},"45":{"start":{"line":104,"column":8},"end":{"line":104,"column":54}},"46":{"start":{"line":105,"column":8},"end":{"line":105,"column":65}},"47":{"start":{"line":109,"column":19},"end":{"line":123,"column":1}},"48":{"start":{"line":110,"column":4},"end":{"line":122,"column":5}},"49":{"start":{"line":111,"column":27},"end":{"line":111,"column":37}},"50":{"start":{"line":112,"column":8},"end":{"line":112,"column":45}},"51":{"start":{"line":113,"column":8},"end":{"line":118,"column":11}},"52":{"start":{"line":120,"column":8},"end":{"line":120,"column":59}},"53":{"start":{"line":121,"column":8},"end":{"line":121,"column":65}},"54":{"start":{"line":125,"column":0},"end":{"line":125,"column":68}}},"fnMap":{"0":{"name":"(anonymous_0)","decl":{"start":{"line":6,"column":17},"end":{"line":6,"column":18}},"loc":{"start":{"line":6,"column":37},"end":{"line":35,"column":1}},"line":6},"1":{"name":"(anonymous_1)","decl":{"start":{"line":30,"column":59},"end":{"line":30,"column":60}},"loc":{"start":{"line":30,"column":68},"end":{"line":30,"column":79}},"line":30},"2":{"name":"(anonymous_2)","decl":{"start":{"line":37,"column":16},"end":{"line":37,"column":17}},"loc":{"start":{"line":37,"column":36},"end":{"line":56,"column":1}},"line":37},"3":{"name":"(anonymous_3)","decl":{"start":{"line":58,"column":14},"end":{"line":58,"column":15}},"loc":{"start":{"line":58,"column":34},"end":{"line":91,"column":1}},"line":58},"4":{"name":"(anonymous_4)","decl":{"start":{"line":93,"column":17},"end":{"line":93,"column":18}},"loc":{"start":{"line":93,"column":37},"end":{"line":107,"column":1}},"line":93},"5":{"name":"(anonymous_5)","decl":{"start":{"line":109,"column":19},"end":{"line":109,"column":20}},"loc":{"start":{"line":109,"column":39},"end":{"line":123,"column":1}},"line":109}},"branchMap":{"0":{"loc":{"start":{"line":10,"column":8},"end":{"line":12,"column":9}},"type":"if","locations":[{"start":{"line":10,"column":8},"end":{"line":12,"column":9}},{"start":{},"end":{}}],"line":10},"1":{"loc":{"start":{"line":29,"column":8},"end":{"line":32,"column":9}},"type":"if","locations":[{"start":{"line":29,"column":8},"end":{"line":32,"column":9}},{"start":{},"end":{}}],"line":29},"2":{"loc":{"start":{"line":41,"column":8},"end":{"line":43,"column":9}},"type":"if","locations":[{"start":{"line":41,"column":8},"end":{"line":43,"column":9}},{"start":{},"end":{}}],"line":41},"3":{"loc":{"start":{"line":62,"column":8},"end":{"line":64,"column":9}},"type":"if","locations":[{"start":{"line":62,"column":8},"end":{"line":64,"column":9}},{"start":{},"end":{}}],"line":62},"4":{"loc":{"start":{"line":66,"column":8},"end":{"line":68,"column":9}},"type":"if","locations":[{"start":{"line":66,"column":8},"end":{"line":68,"column":9}},{"start":{},"end":{}}],"line":66}},"s":{"0":4,"1":4,"2":4,"3":4,"4":4,"5":2,"6":2,"7":2,"8":2,"9":2,"10":0,"11":0,"12":0,"13":0,"14":0,"15":0,"16":0,"17":0,"18":4,"19":0,"20":0,"21":0,"22":0,"23":0,"24":0,"25":0,"26":0,"27":4,"28":3,"29":3,"30":3,"31":3,"32":0,"33":3,"34":3,"35":0,"36":3,"37":3,"38":3,"39":0,"40":0,"41":4,"42":1,"43":1,"44":1,"45":0,"46":0,"47":4,"48":0,"49":0,"50":0,"51":0,"52":0,"53":0,"54":4},"f":{"0":2,"1":0,"2":0,"3":3,"4":1,"5":0},"b":{"0":[2,0],"1":[0,0],"2":[0,0],"3":[0,3],"4":[0,3]},"_coverageSchema":"1a1c01bbd47fc00a2c39e90264f33305004495a9","hash":"3989e09abc44f7aefe0de23c54502ef2cfb10fd6"}
,"C:\\Users\\HP\\Desktop\\UNI\\PWP\\ChatAPP before the new testcases and resolve\\ChatApp\\ChatApp_BackEnd\\controller\\channelController.js": {"path":"C:\\Users\\HP\\Desktop\\UNI\\PWP\\ChatAPP before the new testcases and resolve\\ChatApp\\ChatApp_BackEnd\\controller\\channelController.js","statementMap":{"0":{"start":{"line":1,"column":16},"end":{"line":1,"column":52}},"1":{"start":{"line":2,"column":17},"end":{"line":2,"column":36}},"2":{"start":{"line":4,"column":0},"end":{"line":24,"column":2}},"3":{"start":{"line":5,"column":4},"end":{"line":23,"column":5}},"4":{"start":{"line":6,"column":38},"end":{"line":6,"column":46}},"5":{"start":{"line":7,"column":26},"end":{"line":7,"column":38}},"6":{"start":{"line":8,"column":32},"end":{"line":8,"column":63}},"7":{"start":{"line":9,"column":8},"end":{"line":11,"column":9}},"8":{"start":{"line":10,"column":12},"end":{"line":10,"column":82}},"9":{"start":{"line":12,"column":27},"end":{"line":12,"column":81}},"10":{"start":{"line":13,"column":8},"end":{"line":19,"column":11}},"11":{"start":{"line":21,"column":8},"end":{"line":21,"column":56}},"12":{"start":{"line":22,"column":8},"end":{"line":22,"column":65}},"13":{"start":{"line":26,"column":0},"end":{"line":40,"column":2}},"14":{"start":{"line":27,"column":4},"end":{"line":39,"column":5}},"15":{"start":{"line":28,"column":25},"end":{"line":28,"column":45}},"16":{"start":{"line":29,"column":8},"end":{"line":35,"column":11}},"17":{"start":{"line":37,"column":8},"end":{"line":37,"column":57}},"18":{"start":{"line":38,"column":8},"end":{"line":38,"column":65}},"19":{"start":{"line":42,"column":0},"end":{"line":61,"column":2}},"20":{"start":{"line":43,"column":4},"end":{"line":60,"column":5}},"21":{"start":{"line":44,"column":26},"end":{"line":44,"column":46}},"22":{"start":{"line":45,"column":24},"end":{"line":45,"column":57}},"23":{"start":{"line":46,"column":8},"end":{"line":48,"column":9}},"24":{"start":{"line":47,"column":12},"end":{"line":47,"column":72}},"25":{"start":{"line":49,"column":8},"end":{"line":56,"column":11}},"26":{"start":{"line":58,"column":8},"end":{"line":58,"column":64}},"27":{"start":{"line":59,"column":8},"end":{"line":59,"column":65}},"28":{"start":{"line":63,"column":0},"end":{"line":80,"column":2}},"29":{"start":{"line":64,"column":4},"end":{"line":79,"column":5}},"30":{"start":{"line":65,"column":26},"end":{"line":65,"column":46}},"31":{"start":{"line":66,"column":31},"end":{"line":66,"column":73}},"32":{"start":{"line":67,"column":8},"end":{"line":69,"column":9}},"33":{"start":{"line":68,"column":12},"end":{"line":68,"column":85}},"34":{"start":{"line":70,"column":8},"end":{"line":75,"column":11}},"35":{"start":{"line":77,"column":8},"end":{"line":77,"column":62}},"36":{"start":{"line":78,"column":8},"end":{"line":78,"column":65}},"37":{"start":{"line":82,"column":0},"end":{"line":104,"column":2}},"38":{"start":{"line":83,"column":4},"end":{"line":103,"column":5}},"39":{"start":{"line":84,"column":26},"end":{"line":84,"column":46}},"40":{"start":{"line":85,"column":8},"end":{"line":87,"column":9}},"41":{"start":{"line":86,"column":12},"end":{"line":86,"column":73}},"42":{"start":{"line":88,"column":38},"end":{"line":88,"column":46}},"43":{"start":{"line":89,"column":31},"end":{"line":89,"column":111}},"44":{"start":{"line":90,"column":8},"end":{"line":92,"column":9}},"45":{"start":{"line":91,"column":12},"end":{"line":91,"column":85}},"46":{"start":{"line":93,"column":8},"end":{"line":99,"column":11}},"47":{"start":{"line":101,"column":8},"end":{"line":101,"column":62}},"48":{"start":{"line":102,"column":8},"end":{"line":102,"column":65}}},"fnMap":{"0":{"name":"(anonymous_0)","decl":{"start":{"line":4,"column":24},"end":{"line":4,"column":25}},"loc":{"start":{"line":4,"column":44},"end":{"line":24,"column":1}},"line":4},"1":{"name":"(anonymous_1)","decl":{"start":{"line":26,"column":22},"end":{"line":26,"column":23}},"loc":{"start":{"line":26,"column":42},"end":{"line":40,"column":1}},"line":26},"2":{"name":"(anonymous_2)","decl":{"start":{"line":42,"column":28},"end":{"line":42,"column":29}},"loc":{"start":{"line":42,"column":48},"end":{"line":61,"column":1}},"line":42},"3":{"name":"(anonymous_3)","decl":{"start":{"line":63,"column":24},"end":{"line":63,"column":25}},"loc":{"start":{"line":63,"column":44},"end":{"line":80,"column":1}},"line":63},"4":{"name":"(anonymous_4)","decl":{"start":{"line":82,"column":24},"end":{"line":82,"column":25}},"loc":{"start":{"line":82,"column":44},"end":{"line":104,"column":1}},"line":82}},"branchMap":{"0":{"loc":{"start":{"line":9,"column":8},"end":{"line":11,"column":9}},"type":"if","locations":[{"start":{"line":9,"column":8},"end":{"line":11,"column":9}},{"start":{},"end":{}}],"line":9},"1":{"loc":{"start":{"line":46,"column":8},"end":{"line":48,"column":9}},"type":"if","locations":[{"start":{"line":46,"column":8},"end":{"line":48,"column":9}},{"start":{},"end":{}}],"line":46},"2":{"loc":{"start":{"line":67,"column":8},"end":{"line":69,"column":9}},"type":"if","locations":[{"start":{"line":67,"column":8},"end":{"line":69,"column":9}},{"start":{},"end":{}}],"line":67},"3":{"loc":{"start":{"line":85,"column":8},"end":{"line":87,"column":9}},"type":"if","locations":[{"start":{"line":85,"column":8},"end":{"line":87,"column":9}},{"start":{},"end":{}}],"line":85},"4":{"loc":{"start":{"line":90,"column":8},"end":{"line":92,"column":9}},"type":"if","locations":[{"start":{"line":90,"column":8},"end":{"line":92,"column":9}},{"start":{},"end":{}}],"line":90}},"s":{"0":4,"1":4,"2":4,"3":2,"4":2,"5":2,"6":2,"7":2,"8":0,"9":2,"10":2,"11":0,"12":0,"13":4,"14":1,"15":1,"16":1,"17":0,"18":0,"19":4,"20":3,"21":3,"22":3,"23":3,"24":1,"25":2,"26":0,"27":0,"28":4,"29":3,"30":3,"31":3,"32":3,"33":1,"34":2,"35":0,"36":0,"37":4,"38":1,"39":1,"40":1,"41":0,"42":1,"43":1,"44":1,"45":0,"46":1,"47":0,"48":0},"f":{"0":2,"1":1,"2":3,"3":3,"4":1},"b":{"0":[0,2],"1":[1,2],"2":[1,2],"3":[0,1],"4":[0,1]},"_coverageSchema":"1a1c01bbd47fc00a2c39e90264f33305004495a9","hash":"9a3a8b6635a0cd6271af56df42961ca8b342e862"}
,"C:\\Users\\HP\\Desktop\\UNI\\PWP\\ChatAPP before the new testcases and resolve\\ChatApp\\ChatApp_BackEnd\\controller\\messageController.js": {"path":"C:\\Users\\HP\\Desktop\\UNI\\PWP\\ChatAPP before the new testcases and resolve\\ChatApp\\ChatApp_BackEnd\\controller\\messageController.js","statementMap":{"0":{"start":{"line":1,"column":16},"end":{"line":1,"column":53}},"1":{"start":{"line":2,"column":16},"end":{"line":2,"column":52}},"2":{"start":{"line":4,"column":0},"end":{"line":21,"column":2}},"3":{"start":{"line":5,"column":4},"end":{"line":20,"column":5}},"4":{"start":{"line":6,"column":30},"end":{"line":6,"column":40}},"5":{"start":{"line":7,"column":28},"end":{"line":7,"column":36}},"6":{"start":{"line":8,"column":23},"end":{"line":8,"column":35}},"7":{"start":{"line":9,"column":27},"end":{"line":9,"column":94}},"8":{"start":{"line":10,"column":8},"end":{"line":16,"column":11}},"9":{"start":{"line":18,"column":8},"end":{"line":18,"column":55}},"10":{"start":{"line":19,"column":8},"end":{"line":19,"column":65}},"11":{"start":{"line":24,"column":0},"end":{"line":39,"column":2}},"12":{"start":{"line":25,"column":4},"end":{"line":38,"column":5}},"13":{"start":{"line":26,"column":30},"end":{"line":26,"column":40}},"14":{"start":{"line":27,"column":25},"end":{"line":27,"column":67}},"15":{"start":{"line":28,"column":8},"end":{"line":34,"column":11}},"16":{"start":{"line":36,"column":8},"end":{"line":36,"column":57}},"17":{"start":{"line":37,"column":8},"end":{"line":37,"column":65}},"18":{"start":{"line":41,"column":0},"end":{"line":55,"column":2}},"19":{"start":{"line":42,"column":4},"end":{"line":54,"column":5}},"20":{"start":{"line":43,"column":30},"end":{"line":43,"column":40}},"21":{"start":{"line":44,"column":8},"end":{"line":44,"column":51}},"22":{"start":{"line":45,"column":8},"end":{"line":50,"column":11}},"23":{"start":{"line":52,"column":8},"end":{"line":52,"column":63}},"24":{"start":{"line":53,"column":8},"end":{"line":53,"column":65}},"25":{"start":{"line":57,"column":0},"end":{"line":81,"column":2}},"26":{"start":{"line":58,"column":4},"end":{"line":80,"column":5}},"27":{"start":{"line":59,"column":30},"end":{"line":59,"column":40}},"28":{"start":{"line":62,"column":30},"end":{"line":62,"column":63}},"29":{"start":{"line":63,"column":8},"end":{"line":65,"column":9}},"30":{"start":{"line":64,"column":12},"end":{"line":64,"column":72}},"31":{"start":{"line":68,"column":8},"end":{"line":68,"column":57}},"32":{"start":{"line":70,"column":8},"end":{"line":76,"column":11}},"33":{"start":{"line":78,"column":8},"end":{"line":78,"column":71}},"34":{"start":{"line":79,"column":8},"end":{"line":79,"column":65}},"35":{"start":{"line":83,"column":0},"end":{"line":110,"column":2}},"36":{"start":{"line":84,"column":4},"end":{"line":109,"column":5}},"37":{"start":{"line":85,"column":41},"end":{"line":85,"column":51}},"38":{"start":{"line":88,"column":30},"end":{"line":88,"column":63}},"39":{"start":{"line":89,"column":8},"end":{"line":91,"column":9}},"40":{"start":{"line":90,"column":12},"end":{"line":90,"column":72}},"41":{"start":{"line":94,"column":24},"end":{"line":94,"column":85}},"42":{"start":{"line":95,"column":8},"end":{"line":97,"column":9}},"43":{"start":{"line":96,"column":12},"end":{"line":96,"column":72}},"44":{"start":{"line":99,"column":8},"end":{"line":105,"column":11}},"45":{"start":{"line":107,"column":8},"end":{"line":107,"column":56}},"46":{"start":{"line":108,"column":8},"end":{"line":108,"column":65}}},"fnMap":{"0":{"name":"(anonymous_0)","decl":{"start":{"line":4,"column":22},"end":{"line":4,"column":23}},"loc":{"start":{"line":4,"column":42},"end":{"line":21,"column":1}},"line":4},"1":{"name":"(anonymous_1)","decl":{"start":{"line":24,"column":22},"end":{"line":24,"column":23}},"loc":{"start":{"line":24,"column":42},"end":{"line":39,"column":1}},"line":24},"2":{"name":"(anonymous_2)","decl":{"start":{"line":41,"column":25},"end":{"line":41,"column":26}},"loc":{"start":{"line":41,"column":45},"end":{"line":55,"column":1}},"line":41},"3":{"name":"(anonymous_3)","decl":{"start":{"line":57,"column":31},"end":{"line":57,"column":32}},"loc":{"start":{"line":57,"column":51},"end":{"line":81,"column":1}},"line":57},"4":{"name":"(anonymous_4)","decl":{"start":{"line":83,"column":21},"end":{"line":83,"column":22}},"loc":{"start":{"line":83,"column":41},"end":{"line":110,"column":1}},"line":83}},"branchMap":{"0":{"loc":{"start":{"line":63,"column":8},"end":{"line":65,"column":9}},"type":"if","locations":[{"start":{"line":63,"column":8},"end":{"line":65,"column":9}},{"start":{},"end":{}}],"line":63},"1":{"loc":{"start":{"line":89,"column":8},"end":{"line":91,"column":9}},"type":"if","locations":[{"start":{"line":89,"column":8},"end":{"line":91,"column":9}},{"start":{},"end":{}}],"line":89},"2":{"loc":{"start":{"line":95,"column":8},"end":{"line":97,"column":9}},"type":"if","locations":[{"start":{"line":95,"column":8},"end":{"line":97,"column":9}},{"start":{},"end":{}}],"line":95}},"s":{"0":4,"1":4,"2":4,"3":2,"4":2,"5":2,"6":2,"7":2,"8":1,"9":1,"10":1,"11":4,"12":2,"13":2,"14":2,"15":1,"16":1,"17":1,"18":4,"19":2,"20":2,"21":2,"22":2,"23":0,"24":0,"25":4,"26":0,"27":0,"28":0,"29":0,"30":0,"31":0,"32":0,"33":0,"34":0,"35":4,"36":0,"37":0,"38":0,"39":0,"40":0,"41":0,"42":0,"43":0,"44":0,"45":0,"46":0},"f":{"0":2,"1":2,"2":2,"3":0,"4":0},"b":{"0":[0,0],"1":[0,0],"2":[0,0]},"_coverageSchema":"1a1c01bbd47fc00a2c39e90264f33305004495a9","hash":"322a53d91ffc9c843cce96eb1aa3d7ffef6e93e6"}
,"C:\\Users\\HP\\Desktop\\UNI\\PWP\\ChatAPP before the new testcases and resolve\\ChatApp\\ChatApp_BackEnd\\middleware\\authMiddleware.js": {"path":"C:\\Users\\HP\\Desktop\\UNI\\PWP\\ChatAPP before the new testcases and resolve\\ChatApp\\ChatApp_BackEnd\\middleware\\authMiddleware.js","statementMap":{"0":{"start":{"line":1,"column":13},"end":{"line":1,"column":42}},"1":{"start":{"line":2,"column":12},"end":{"line":2,"column":35}},"2":{"start":{"line":3,"column":0},"end":{"line":3,"column":27}},"3":{"start":{"line":5,"column":25},"end":{"line":26,"column":1}},"4":{"start":{"line":6,"column":4},"end":{"line":25,"column":5}},"5":{"start":{"line":7,"column":22},"end":{"line":7,"column":62}},"6":{"start":{"line":9,"column":8},"end":{"line":11,"column":9}},"7":{"start":{"line":10,"column":12},"end":{"line":10,"column":88}},"8":{"start":{"line":13,"column":24},"end":{"line":13,"column":65}},"9":{"start":{"line":14,"column":21},"end":{"line":14,"column":56}},"10":{"start":{"line":16,"column":8},"end":{"line":18,"column":9}},"11":{"start":{"line":17,"column":12},"end":{"line":17,"column":85}},"12":{"start":{"line":20,"column":8},"end":{"line":20,"column":24}},"13":{"start":{"line":21,"column":8},"end":{"line":21,"column":15}},"14":{"start":{"line":23,"column":8},"end":{"line":23,"column":54}},"15":{"start":{"line":24,"column":8},"end":{"line":24,"column":91}},"16":{"start":{"line":28,"column":0},"end":{"line":28,"column":38}}},"fnMap":{"0":{"name":"(anonymous_0)","decl":{"start":{"line":5,"column":25},"end":{"line":5,"column":26}},"loc":{"start":{"line":5,"column":51},"end":{"line":26,"column":1}},"line":5}},"branchMap":{"0":{"loc":{"start":{"line":9,"column":8},"end":{"line":11,"column":9}},"type":"if","locations":[{"start":{"line":9,"column":8},"end":{"line":11,"column":9}},{"start":{},"end":{}}],"line":9},"1":{"loc":{"start":{"line":16,"column":8},"end":{"line":18,"column":9}},"type":"if","locations":[{"start":{"line":16,"column":8},"end":{"line":18,"column":9}},{"start":{},"end":{}}],"line":16}},"s":{"0":4,"1":4,"2":4,"3":4,"4":19,"5":19,"6":19,"7":0,"8":19,"9":16,"10":16,"11":0,"12":16,"13":16,"14":3,"15":3,"16":4},"f":{"0":19},"b":{"0":[0,19],"1":[0,16]},"_coverageSchema":"1a1c01bbd47fc00a2c39e90264f33305004495a9","hash":"e29675fe9fe3370807772edcc1ae617ec17ddb8a"}
,"C:\\Users\\HP\\Desktop\\UNI\\PWP\\ChatAPP before the new testcases and resolve\\ChatApp\\ChatApp_BackEnd\\model\\channelListModel.js": {"path":"C:\\Users\\HP\\Desktop\\UNI\\PWP\\ChatAPP before the new testcases and resolve\\ChatApp\\ChatApp_BackEnd\\model\\channelListModel.js","statementMap":{"0":{"start":{"line":1,"column":17},"end":{"line":1,"column":36}},"1":{"start":{"line":3,"column":22},"end":{"line":26,"column":2}},"2":{"start":{"line":28,"column":16},"end":{"line":28,"column":56}},"3":{"start":{"line":29,"column":0},"end":{"line":29,"column":25}}},"fnMap":{},"branchMap":{},"s":{"0":4,"1":4,"2":4,"3":4},"f":{},"b":{},"_coverageSchema":"1a1c01bbd47fc00a2c39e90264f33305004495a9","hash":"860ff0c70ea6787ea661be275b290298fd82ab10"}
,"C:\\Users\\HP\\Desktop\\UNI\\PWP\\ChatAPP before the new testcases and resolve\\ChatApp\\ChatApp_BackEnd\\model\\messagesInChannel.js": {"path":"C:\\Users\\HP\\Desktop\\UNI\\PWP\\ChatAPP before the new testcases and resolve\\ChatApp\\ChatApp_BackEnd\\model\\messagesInChannel.js","statementMap":{"0":{"start":{"line":1,"column":17},"end":{"line":1,"column":36}},"1":{"start":{"line":3,"column":22},"end":{"line":22,"column":2}},"2":{"start":{"line":24,"column":16},"end":{"line":24,"column":56}},"3":{"start":{"line":25,"column":0},"end":{"line":25,"column":25}}},"fnMap":{},"branchMap":{},"s":{"0":4,"1":4,"2":4,"3":4},"f":{},"b":{},"_coverageSchema":"1a1c01bbd47fc00a2c39e90264f33305004495a9","hash":"44658bbe911bf49593997a15cf52a977b9a298a0"}
,"C:\\Users\\HP\\Desktop\\UNI\\PWP\\ChatAPP before the new testcases and resolve\\ChatApp\\ChatApp_BackEnd\\model\\userModel.js": {"path":"C:\\Users\\HP\\Desktop\\UNI\\PWP\\ChatAPP before the new testcases and resolve\\ChatApp\\ChatApp_BackEnd\\model\\userModel.js","statementMap":{"0":{"start":{"line":1,"column":17},"end":{"line":1,"column":36}},"1":{"start":{"line":2,"column":20},"end":{"line":2,"column":40}},"2":{"start":{"line":3,"column":15},"end":{"line":3,"column":32}},"3":{"start":{"line":5,"column":19},"end":{"line":49,"column":2}},"4":{"start":{"line":34,"column":16},"end":{"line":34,"column":86}},"5":{"start":{"line":51,"column":0},"end":{"line":53,"column":2}},"6":{"start":{"line":52,"column":4},"end":{"line":52,"column":51}},"7":{"start":{"line":55,"column":13},"end":{"line":55,"column":47}},"8":{"start":{"line":56,"column":0},"end":{"line":56,"column":22}}},"fnMap":{"0":{"name":"(anonymous_0)","decl":{"start":{"line":32,"column":23},"end":{"line":32,"column":24}},"loc":{"start":{"line":32,"column":40},"end":{"line":35,"column":13}},"line":32},"1":{"name":"(anonymous_1)","decl":{"start":{"line":51,"column":37},"end":{"line":51,"column":38}},"loc":{"start":{"line":51,"column":63},"end":{"line":53,"column":1}},"line":51}},"branchMap":{},"s":{"0":4,"1":4,"2":4,"3":4,"4":0,"5":4,"6":0,"7":4,"8":4},"f":{"0":0,"1":0},"b":{},"_coverageSchema":"1a1c01bbd47fc00a2c39e90264f33305004495a9","hash":"b866016e731524194f0b080e88067d2e0c0332cf"}
,"C:\\Users\\HP\\Desktop\\UNI\\PWP\\ChatAPP before the new testcases and resolve\\ChatApp\\ChatApp_BackEnd\\routes\\authRouter.js": {"path":"C:\\Users\\HP\\Desktop\\UNI\\PWP\\ChatAPP before the new testcases and resolve\\ChatApp\\ChatApp_BackEnd\\routes\\authRouter.js","statementMap":{"0":{"start":{"line":1,"column":16},"end":{"line":1,"column":34}},"1":{"start":{"line":2,"column":15},"end":{"line":2,"column":31}},"2":{"start":{"line":3,"column":59},"end":{"line":3,"column":98}},"3":{"start":{"line":4,"column":29},"end":{"line":4,"column":68}},"4":{"start":{"line":7,"column":0},"end":{"line":7,"column":32}},"5":{"start":{"line":8,"column":0},"end":{"line":8,"column":31}},"6":{"start":{"line":9,"column":0},"end":{"line":9,"column":29}},"7":{"start":{"line":10,"column":0},"end":{"line":10,"column":56}},"8":{"start":{"line":11,"column":0},"end":{"line":11,"column":62}},"9":{"start":{"line":13,"column":0},"end":{"line":13,"column":24}}},"fnMap":{},"branchMap":{},"s":{"0":4,"1":4,"2":4,"3":4,"4":4,"5":4,"6":4,"7":4,"8":4,"9":4},"f":{},"b":{},"_coverageSchema":"1a1c01bbd47fc00a2c39e90264f33305004495a9","hash":"1ae40bc459613bef179225ed1e7148f562e1cb21"}
,"C:\\Users\\HP\\Desktop\\UNI\\PWP\\ChatAPP before the new testcases and resolve\\ChatApp\\ChatApp_BackEnd\\routes\\channelListRoute.js": {"path":"C:\\Users\\HP\\Desktop\\UNI\\PWP\\ChatAPP before the new testcases and resolve\\ChatApp\\ChatApp_BackEnd\\routes\\channelListRoute.js","statementMap":{"0":{"start":{"line":1,"column":16},"end":{"line":1,"column":34}},"1":{"start":{"line":2,"column":15},"end":{"line":2,"column":31}},"2":{"start":{"line":3,"column":88},"end":{"line":3,"column":130}},"3":{"start":{"line":4,"column":29},"end":{"line":4,"column":68}},"4":{"start":{"line":8,"column":0},"end":{"line":8,"column":55}},"5":{"start":{"line":10,"column":0},"end":{"line":10,"column":58}},"6":{"start":{"line":12,"column":0},"end":{"line":12,"column":72}},"7":{"start":{"line":14,"column":0},"end":{"line":14,"column":68}},"8":{"start":{"line":16,"column":0},"end":{"line":16,"column":71}},"9":{"start":{"line":18,"column":0},"end":{"line":18,"column":24}}},"fnMap":{},"branchMap":{},"s":{"0":4,"1":4,"2":4,"3":4,"4":4,"5":4,"6":4,"7":4,"8":4,"9":4},"f":{},"b":{},"_coverageSchema":"1a1c01bbd47fc00a2c39e90264f33305004495a9","hash":"14aa5286aa112a527057c095a759ba9e93206c7f"}
,"C:\\Users\\HP\\Desktop\\UNI\\PWP\\ChatAPP before the new testcases and resolve\\ChatApp\\ChatApp_BackEnd\\routes\\messagesRoute.js": {"path":"C:\\Users\\HP\\Desktop\\UNI\\PWP\\ChatAPP before the new testcases and resolve\\ChatApp\\ChatApp_BackEnd\\routes\\messagesRoute.js","statementMap":{"0":{"start":{"line":1,"column":16},"end":{"line":1,"column":34}},"1":{"start":{"line":2,"column":15},"end":{"line":2,"column":31}},"2":{"start":{"line":3,"column":87},"end":{"line":3,"column":129}},"3":{"start":{"line":4,"column":29},"end":{"line":4,"column":68}},"4":{"start":{"line":8,"column":0},"end":{"line":8,"column":76}},"5":{"start":{"line":11,"column":0},"end":{"line":11,"column":76}},"6":{"start":{"line":14,"column":0},"end":{"line":14,"column":92}},"7":{"start":{"line":16,"column":0},"end":{"line":16,"column":87}},"8":{"start":{"line":18,"column":0},"end":{"line":18,"column":85}},"9":{"start":{"line":20,"column":0},"end":{"line":20,"column":24}}},"fnMap":{},"branchMap":{},"s":{"0":4,"1":4,"2":4,"3":4,"4":4,"5":4,"6":4,"7":4,"8":4,"9":4},"f":{},"b":{},"_coverageSchema":"1a1c01bbd47fc00a2c39e90264f33305004495a9","hash":"4a1241ab054e5d673f43a1fb7ab0a74e4cebd969"}
}
