TN:
SF:server.js
FN:16,(anonymous_0)
FN:17,(anonymous_1)
FN:33,(anonymous_2)
FN:38,(anonymous_3)
FNF:4
FNH:2
FNDA:4,(anonymous_0)
FNDA:0,(anonymous_1)
FNDA:0,(anonymous_2)
FNDA:2,(anonymous_3)
DA:1,4
DA:2,4
DA:3,4
DA:4,4
DA:7,4
DA:9,4
DA:11,4
DA:12,4
DA:15,4
DA:16,4
DA:17,0
DA:19,4
DA:21,4
DA:22,4
DA:24,4
DA:25,4
DA:27,4
DA:28,4
DA:31,4
DA:32,0
DA:33,0
DA:34,0
DA:38,4
DA:39,2
DA:43,4
LF:25
LH:21
BRDA:31,0,0,0
BRDA:31,0,1,4
BRDA:32,1,0,0
BRDA:32,1,1,0
BRF:4
BRH:1
end_of_record
TN:
SF:Services\emailService.js
FN:13,(anonymous_0)
FN:22,(anonymous_1)
FNF:2
FNH:1
FNDA:3,(anonymous_0)
FNDA:0,(anonymous_1)
DA:1,4
DA:4,4
DA:13,4
DA:14,3
DA:22,3
DA:23,0
DA:24,0
DA:26,0
DA:31,4
LF:9
LH:6
BRDA:23,0,0,0
BRDA:23,0,1,0
BRF:2
BRH:0
end_of_record
TN:
SF:controller\authController.js
FN:6,(anonymous_0)
FN:30,(anonymous_1)
FN:37,(anonymous_2)
FN:58,(anonymous_3)
FN:93,(anonymous_4)
FN:109,(anonymous_5)
FNF:6
FNH:3
FNDA:2,(anonymous_0)
FNDA:0,(anonymous_1)
FNDA:0,(anonymous_2)
FNDA:3,(anonymous_3)
FNDA:1,(anonymous_4)
FNDA:0,(anonymous_5)
DA:1,4
DA:2,4
DA:3,4
DA:4,4
DA:6,4
DA:7,2
DA:8,2
DA:9,2
DA:10,2
DA:11,2
DA:13,0
DA:14,0
DA:19,0
DA:29,0
DA:30,0
DA:31,0
DA:33,0
DA:37,4
DA:38,0
DA:39,0
DA:40,0
DA:41,0
DA:42,0
DA:44,0
DA:53,0
DA:54,0
DA:58,4
DA:59,3
DA:60,3
DA:61,3
DA:62,3
DA:63,0
DA:65,3
DA:66,3
DA:67,0
DA:69,3
DA:71,3
DA:73,3
DA:88,0
DA:89,0
DA:93,4
DA:94,1
DA:95,1
DA:96,1
DA:104,0
DA:105,0
DA:109,4
DA:110,0
DA:111,0
DA:112,0
DA:113,0
DA:120,0
DA:121,0
DA:125,4
LF:54
LH:27
BRDA:10,0,0,2
BRDA:10,0,1,0
BRDA:29,1,0,0
BRDA:29,1,1,0
BRDA:41,2,0,0
BRDA:41,2,1,0
BRDA:62,3,0,0
BRDA:62,3,1,3
BRDA:66,4,0,0
BRDA:66,4,1,3
BRF:10
BRH:3
end_of_record
TN:
SF:controller\channelController.js
FN:4,(anonymous_0)
FN:26,(anonymous_1)
FN:42,(anonymous_2)
FN:63,(anonymous_3)
FN:82,(anonymous_4)
FNF:5
FNH:5
FNDA:2,(anonymous_0)
FNDA:1,(anonymous_1)
FNDA:3,(anonymous_2)
FNDA:3,(anonymous_3)
FNDA:1,(anonymous_4)
DA:1,4
DA:2,4
DA:4,4
DA:5,2
DA:6,2
DA:7,2
DA:8,2
DA:9,2
DA:10,0
DA:12,2
DA:13,2
DA:21,0
DA:22,0
DA:26,4
DA:27,1
DA:28,1
DA:29,1
DA:37,0
DA:38,0
DA:42,4
DA:43,3
DA:44,3
DA:45,3
DA:46,3
DA:47,1
DA:49,2
DA:58,0
DA:59,0
DA:63,4
DA:64,3
DA:65,3
DA:66,3
DA:67,3
DA:68,1
DA:70,2
DA:77,0
DA:78,0
DA:82,4
DA:83,1
DA:84,1
DA:85,1
DA:86,0
DA:88,1
DA:89,1
DA:90,1
DA:91,0
DA:93,1
DA:101,0
DA:102,0
LF:49
LH:36
BRDA:9,0,0,0
BRDA:9,0,1,2
BRDA:46,1,0,1
BRDA:46,1,1,2
BRDA:67,2,0,1
BRDA:67,2,1,2
BRDA:85,3,0,0
BRDA:85,3,1,1
BRDA:90,4,0,0
BRDA:90,4,1,1
BRF:10
BRH:7
end_of_record
TN:
SF:controller\messageController.js
FN:4,(anonymous_0)
FN:24,(anonymous_1)
FN:41,(anonymous_2)
FN:57,(anonymous_3)
FN:83,(anonymous_4)
FNF:5
FNH:3
FNDA:2,(anonymous_0)
FNDA:2,(anonymous_1)
FNDA:2,(anonymous_2)
FNDA:0,(anonymous_3)
FNDA:0,(anonymous_4)
DA:1,4
DA:2,4
DA:4,4
DA:5,2
DA:6,2
DA:7,2
DA:8,2
DA:9,2
DA:10,1
DA:18,1
DA:19,1
DA:24,4
DA:25,2
DA:26,2
DA:27,2
DA:28,1
DA:36,1
DA:37,1
DA:41,4
DA:42,2
DA:43,2
DA:44,2
DA:45,2
DA:52,0
DA:53,0
DA:57,4
DA:58,0
DA:59,0
DA:62,0
DA:63,0
DA:64,0
DA:68,0
DA:70,0
DA:78,0
DA:79,0
DA:83,4
DA:84,0
DA:85,0
DA:88,0
DA:89,0
DA:90,0
DA:94,0
DA:95,0
DA:96,0
DA:99,0
DA:107,0
DA:108,0
LF:47
LH:25
BRDA:63,0,0,0
BRDA:63,0,1,0
BRDA:89,1,0,0
BRDA:89,1,1,0
BRDA:95,2,0,0
BRDA:95,2,1,0
BRF:6
BRH:0
end_of_record
TN:
SF:middleware\authMiddleware.js
FN:5,(anonymous_0)
FNF:1
FNH:1
FNDA:19,(anonymous_0)
DA:1,4
DA:2,4
DA:3,4
DA:5,4
DA:6,19
DA:7,19
DA:9,19
DA:10,0
DA:13,19
DA:14,16
DA:16,16
DA:17,0
DA:20,16
DA:21,16
DA:23,3
DA:24,3
DA:28,4
LF:17
LH:15
BRDA:9,0,0,0
BRDA:9,0,1,19
BRDA:16,1,0,0
BRDA:16,1,1,16
BRF:4
BRH:2
end_of_record
TN:
SF:model\channelListModel.js
FNF:0
FNH:0
DA:1,4
DA:3,4
DA:28,4
DA:29,4
LF:4
LH:4
BRF:0
BRH:0
end_of_record
TN:
SF:model\messagesInChannel.js
FNF:0
FNH:0
DA:1,4
DA:3,4
DA:24,4
DA:25,4
LF:4
LH:4
BRF:0
BRH:0
end_of_record
TN:
SF:model\userModel.js
FN:32,(anonymous_0)
FN:51,(anonymous_1)
FNF:2
FNH:0
FNDA:0,(anonymous_0)
FNDA:0,(anonymous_1)
DA:1,4
DA:2,4
DA:3,4
DA:5,4
DA:34,0
DA:51,4
DA:52,0
DA:55,4
DA:56,4
LF:9
LH:7
BRF:0
BRH:0
end_of_record
TN:
SF:routes\authRouter.js
FNF:0
FNH:0
DA:1,4
DA:2,4
DA:3,4
DA:4,4
DA:7,4
DA:8,4
DA:9,4
DA:10,4
DA:11,4
DA:13,4
LF:10
LH:10
BRF:0
BRH:0
end_of_record
TN:
SF:routes\channelListRoute.js
FNF:0
FNH:0
DA:1,4
DA:2,4
DA:3,4
DA:4,4
DA:8,4
DA:10,4
DA:12,4
DA:14,4
DA:16,4
DA:18,4
LF:10
LH:10
BRF:0
BRH:0
end_of_record
TN:
SF:routes\messagesRoute.js
FNF:0
FNH:0
DA:1,4
DA:2,4
DA:3,4
DA:4,4
DA:8,4
DA:11,4
DA:14,4
DA:16,4
DA:18,4
DA:20,4
LF:10
LH:10
BRF:0
BRH:0
end_of_record
